#! /opt/homebrew/Cellar/icarus-verilog/12.0/bin/vvp
:ivl_version "12.0 (stable)";
:ivl_delay_selection "TYPICAL";
:vpi_time_precision - 12;
:vpi_module "/opt/homebrew/Cellar/icarus-verilog/12.0/lib/ivl/system.vpi";
:vpi_module "/opt/homebrew/Cellar/icarus-verilog/12.0/lib/ivl/vhdl_sys.vpi";
:vpi_module "/opt/homebrew/Cellar/icarus-verilog/12.0/lib/ivl/vhdl_textio.vpi";
:vpi_module "/opt/homebrew/Cellar/icarus-verilog/12.0/lib/ivl/v2005_math.vpi";
:vpi_module "/opt/homebrew/Cellar/icarus-verilog/12.0/lib/ivl/va_math.vpi";
S_0x103467920 .scope module, "custom_instruction_decoder" "custom_instruction_decoder" 2 8;
 .timescale 0 0;
    .port_info 0 /INPUT 7 "opcode";
    .port_info 1 /INPUT 1 "accel_done";
    .port_info 2 /INPUT 32 "accel_result";
    .port_info 3 /OUTPUT 1 "accel_start";
    .port_info 4 /OUTPUT 1 "is_custom_instr";
    .port_info 5 /OUTPUT 32 "custom_result";
P_0x801002ec0 .param/l "OP_CUSTOM" 1 2 18, C4<0001011>;
L_0x800c3d9d0 .functor BUFZ 1, L_0x800cd5040, C4<0>, C4<0>, C4<0>;
L_0x800878010 .functor BUFT 1, C4<0001011>, C4<0>, C4<0>, C4<0>;
v0x800c5e260_0 .net/2u *"_ivl_0", 6 0, L_0x800878010;  1 drivers
L_0x800878058 .functor BUFT 1, C4<00000000000000000000000000000000>, C4<0>, C4<0>, C4<0>;
v0x800c5e300_0 .net/2u *"_ivl_6", 31 0, L_0x800878058;  1 drivers
o0x800844070 .functor BUFZ 1, C4<z>; HiZ drive
v0x800c5e3a0_0 .net "accel_done", 0 0, o0x800844070;  0 drivers
o0x8008440a0 .functor BUFZ 32, C4<zzzzzzzzzzzzzzzzzzzzzzzzzzzzzzzz>; HiZ drive
v0x800c5e440_0 .net "accel_result", 31 0, o0x8008440a0;  0 drivers
v0x800c5e4e0_0 .net "accel_start", 0 0, L_0x800c3d9d0;  1 drivers
v0x800c5e580_0 .net "custom_result", 31 0, L_0x800cd50e0;  1 drivers
v0x800c5e620_0 .net "is_custom_instr", 0 0, L_0x800cd5040;  1 drivers
o0x800844160 .functor BUFZ 7, C4<zzzzzzz>; HiZ drive
v0x800c5e6c0_0 .net "opcode", 6 0, o0x800844160;  0 drivers
L_0x800cd5040 .cmp/eq 7, o0x800844160, L_0x800878010;
L_0x800cd50e0 .functor MUXZ 32, L_0x800878058, o0x8008440a0, o0x800844070, C4<>;
S_0x103467aa0 .scope module, "riscv_testbench" "riscv_testbench" 3 9;
 .timescale -9 -12;
v0x800cd4f00_0 .var "clk", 0 0;
v0x800cd4fa0_0 .var "reset", 0 0;
S_0x10346c400 .scope module, "u_dut" "riscv_core_top" 3 24, 4 16 0, S_0x103467aa0;
 .timescale 0 0;
    .port_info 0 /INPUT 1 "clk";
    .port_info 1 /INPUT 1 "reset";
L_0x801064070 .functor OR 1, L_0x800cd52c0, L_0x800cd5360, C4<0>, C4<0>;
L_0x8010640e0 .functor AND 1, v0x800cc5ae0_0, L_0x801064070, C4<1>, C4<1>;
L_0x801064150 .functor AND 1, L_0x8010640e0, L_0x800cd5400, C4<1>, C4<1>;
L_0x800c3da40 .functor BUFZ 1, L_0x8010647e0, C4<0>, C4<0>, C4<0>;
L_0x8010641c0 .functor OR 1, L_0x801064150, L_0x800c3da40, C4<0>, C4<0>;
L_0x801064230 .functor AND 1, L_0x801064150, L_0x800c9cfa0, C4<1>, C4<1>;
L_0x8010642a0 .functor AND 1, v0x800cc50e0_0, L_0x800cd54a0, C4<1>, C4<1>;
L_0x801064310 .functor AND 1, L_0x8010642a0, L_0x800cd5540, C4<1>, C4<1>;
L_0x801064380 .functor AND 1, v0x800cc78e0_0, L_0x800cd55e0, C4<1>, C4<1>;
L_0x8010643f0 .functor AND 1, L_0x801064380, L_0x800cd5680, C4<1>, C4<1>;
L_0x801064460 .functor AND 1, v0x800cc50e0_0, L_0x800cd5860, C4<1>, C4<1>;
L_0x8010644d0 .functor AND 1, L_0x801064460, L_0x800cd5900, C4<1>, C4<1>;
L_0x801064540 .functor AND 1, v0x800cc78e0_0, L_0x800cd59a0, C4<1>, C4<1>;
L_0x8010645b0 .functor AND 1, L_0x801064540, L_0x800cd5a40, C4<1>, C4<1>;
L_0x8008785b0 .functor BUFT 1, C4<00>, C4<0>, C4<0>, C4<0>;
v0x800cd0f00_0 .net *"_ivl_101", 1 0, L_0x8008785b0;  1 drivers
L_0x8008785f8 .functor BUFT 1, C4<00000000000000000000000000000000>, C4<0>, C4<0>, C4<0>;
v0x800cd0fa0_0 .net/2u *"_ivl_102", 31 0, L_0x8008785f8;  1 drivers
v0x800cd1040_0 .net *"_ivl_13", 0 0, L_0x801060500;  1 drivers
v0x800cd10e0_0 .net *"_ivl_14", 19 0, L_0x800cd5180;  1 drivers
v0x800cd1180_0 .net *"_ivl_17", 11 0, L_0x8010605a0;  1 drivers
v0x800cd1220_0 .net *"_ivl_20", 0 0, L_0x800cd52c0;  1 drivers
v0x800cd12c0_0 .net *"_ivl_22", 0 0, L_0x800cd5360;  1 drivers
v0x800cd1360_0 .net *"_ivl_25", 0 0, L_0x801064070;  1 drivers
v0x800cd1400_0 .net *"_ivl_27", 0 0, L_0x8010640e0;  1 drivers
L_0x8008780a0 .functor BUFT 1, C4<00000>, C4<0>, C4<0>, C4<0>;
v0x800cd14a0_0 .net/2u *"_ivl_28", 4 0, L_0x8008780a0;  1 drivers
v0x800cd1540_0 .net *"_ivl_30", 0 0, L_0x800cd5400;  1 drivers
v0x800cd15e0_0 .net *"_ivl_39", 0 0, L_0x800c9cfa0;  1 drivers
L_0x8008780e8 .functor BUFT 1, C4<00000>, C4<0>, C4<0>, C4<0>;
v0x800cd1680_0 .net/2u *"_ivl_42", 4 0, L_0x8008780e8;  1 drivers
v0x800cd1720_0 .net *"_ivl_44", 0 0, L_0x800cd54a0;  1 drivers
v0x800cd17c0_0 .net *"_ivl_47", 0 0, L_0x8010642a0;  1 drivers
v0x800cd1860_0 .net *"_ivl_48", 0 0, L_0x800cd5540;  1 drivers
v0x800cd1900_0 .net *"_ivl_51", 0 0, L_0x801064310;  1 drivers
L_0x800878130 .functor BUFT 1, C4<00000>, C4<0>, C4<0>, C4<0>;
v0x800cd19a0_0 .net/2u *"_ivl_52", 4 0, L_0x800878130;  1 drivers
v0x800cd1a40_0 .net *"_ivl_54", 0 0, L_0x800cd55e0;  1 drivers
v0x800cd1ae0_0 .net *"_ivl_57", 0 0, L_0x801064380;  1 drivers
v0x800cd1b80_0 .net *"_ivl_58", 0 0, L_0x800cd5680;  1 drivers
v0x800cd1c20_0 .net *"_ivl_61", 0 0, L_0x8010643f0;  1 drivers
v0x800cd1cc0_0 .net *"_ivl_62", 31 0, L_0x800cd5720;  1 drivers
L_0x800878178 .functor BUFT 1, C4<00000>, C4<0>, C4<0>, C4<0>;
v0x800cd1d60_0 .net/2u *"_ivl_66", 4 0, L_0x800878178;  1 drivers
v0x800cd1e00_0 .net *"_ivl_68", 0 0, L_0x800cd5860;  1 drivers
v0x800cd1ea0_0 .net *"_ivl_71", 0 0, L_0x801064460;  1 drivers
v0x800cd1f40_0 .net *"_ivl_72", 0 0, L_0x800cd5900;  1 drivers
v0x800cd1fe0_0 .net *"_ivl_75", 0 0, L_0x8010644d0;  1 drivers
L_0x8008781c0 .functor BUFT 1, C4<00000>, C4<0>, C4<0>, C4<0>;
v0x800cd2080_0 .net/2u *"_ivl_76", 4 0, L_0x8008781c0;  1 drivers
v0x800cd2120_0 .net *"_ivl_78", 0 0, L_0x800cd59a0;  1 drivers
v0x800cd21c0_0 .net *"_ivl_81", 0 0, L_0x801064540;  1 drivers
v0x800cd2260_0 .net *"_ivl_82", 0 0, L_0x800cd5a40;  1 drivers
v0x800cd2300_0 .net *"_ivl_85", 0 0, L_0x8010645b0;  1 drivers
v0x800cd23a0_0 .net *"_ivl_86", 31 0, L_0x800cd5ae0;  1 drivers
v0x800cd2440_0 .net *"_ivl_94", 31 0, L_0x800c9d2c0;  1 drivers
v0x800cd24e0_0 .net *"_ivl_97", 7 0, L_0x801060780;  1 drivers
v0x800cd2580_0 .net *"_ivl_98", 9 0, L_0x800cd66c0;  1 drivers
v0x800cd2620_0 .net "accel_busy", 0 0, L_0x8010647e0;  1 drivers
v0x800cd26c0_0 .net "accel_done", 0 0, v0x800c5f7a0_0;  1 drivers
v0x800cd2760_0 .net "accel_result", 31 0, v0x800c5fe80_0;  1 drivers
v0x800cd2800_0 .net "accel_stall", 0 0, L_0x800c3da40;  1 drivers
v0x800cd28a0_0 .net "clk", 0 0, v0x800cd4f00_0;  1 drivers
v0x800cd2940 .array "data_memory", 255 0, 31 0;
v0x800cd29e0_0 .net "ex_alu_operand_b", 31 0, L_0x800cd6300;  1 drivers
v0x800cd2a80_0 .net "ex_alu_result", 31 0, v0x800c5e8a0_0;  1 drivers
v0x800cd2b20_0 .net "ex_forwarded_rs1", 31 0, L_0x800cd57c0;  1 drivers
v0x800cd2bc0_0 .net "ex_forwarded_rs2", 31 0, L_0x800cd5b80;  1 drivers
v0x800cd2c60_0 .net "ex_zero_flag", 0 0, L_0x800cd63a0;  1 drivers
v0x800cd2d00_0 .net "exmem_accel_result", 31 0, v0x800cc48c0_0;  1 drivers
v0x800cd2da0_0 .net "exmem_alu_result", 31 0, v0x800cc4a00_0;  1 drivers
v0x800cd2e40_0 .net "exmem_mem_read", 0 0, v0x800cc4be0_0;  1 drivers
v0x800cd2ee0_0 .net "exmem_mem_to_reg", 1 0, v0x800cc4d20_0;  1 drivers
v0x800cd2f80_0 .net "exmem_mem_write", 0 0, v0x800cc4e60_0;  1 drivers
v0x800cd3020_0 .net "exmem_rd_addr", 4 0, v0x800cc4fa0_0;  1 drivers
v0x800cd30c0_0 .net "exmem_reg_write", 0 0, v0x800cc50e0_0;  1 drivers
v0x800cd3160_0 .net "exmem_rs2_data", 31 0, v0x800cc52c0_0;  1 drivers
v0x800cd3200_0 .net "id_accel_start", 0 0, v0x800cc41e0_0;  1 drivers
v0x800cd32a0_0 .net "id_alu_ctrl", 3 0, v0x800cc4280_0;  1 drivers
v0x800cd3340_0 .net "id_alu_src", 0 0, v0x800cc4320_0;  1 drivers
v0x800cd33e0_0 .net "id_flush", 0 0, L_0x801064230;  1 drivers
v0x800cd3480_0 .net "id_funct3", 2 0, L_0x801060280;  1 drivers
v0x800cd3520_0 .net "id_funct7", 6 0, L_0x801060460;  1 drivers
v0x800cd35c0_0 .net "id_immediate", 31 0, L_0x800cd5220;  1 drivers
v0x800cd3660_0 .net "id_mem_read", 0 0, v0x800cc4500_0;  1 drivers
v0x800cd3700_0 .net "id_mem_to_reg", 1 0, v0x800cc45a0_0;  1 drivers
v0x800cd37a0_0 .net "id_mem_write", 0 0, v0x800cc4640_0;  1 drivers
v0x800cd3840_0 .net "id_opcode", 6 0, L_0x801060140;  1 drivers
v0x800cd38e0_0 .net "id_rd", 4 0, L_0x8010601e0;  1 drivers
v0x800cd3980_0 .net "id_reg_write", 0 0, v0x800cc4780_0;  1 drivers
v0x800cd3a20_0 .net "id_rs1_addr", 4 0, L_0x801060320;  1 drivers
v0x800cd3ac0_0 .net "id_rs1_data", 31 0, L_0x800cd5f40;  1 drivers
v0x800cd3b60_0 .net "id_rs2_addr", 4 0, L_0x8010603c0;  1 drivers
v0x800cd3c00_0 .net "id_rs2_data", 31 0, L_0x800cd6260;  1 drivers
v0x800cd3ca0_0 .net "idex_accel_start", 0 0, v0x800cc54a0_0;  1 drivers
v0x800cd3d40_0 .net "idex_alu_ctrl", 3 0, v0x800cc55e0_0;  1 drivers
v0x800cd3de0_0 .net "idex_alu_src", 0 0, v0x800cc5720_0;  1 drivers
v0x800cd3e80_0 .net "idex_immediate", 31 0, v0x800cc59a0_0;  1 drivers
v0x800cd3f20_0 .net "idex_mem_read", 0 0, v0x800cc5ae0_0;  1 drivers
v0x800cd4000_0 .net "idex_mem_to_reg", 1 0, v0x800cc5c20_0;  1 drivers
v0x800cd40a0_0 .net "idex_mem_write", 0 0, v0x800cc5d60_0;  1 drivers
v0x800cd4140_0 .net "idex_pc", 31 0, v0x800cc5ea0_0;  1 drivers
v0x800cd41e0_0 .net "idex_rd_addr", 4 0, v0x800cc5fe0_0;  1 drivers
v0x800cd4280_0 .net "idex_reg_write", 0 0, v0x800cc6120_0;  1 drivers
v0x800cd4320_0 .net "idex_rs1_addr", 4 0, v0x800cc6300_0;  1 drivers
v0x800cd43c0_0 .net "idex_rs1_data", 31 0, v0x800cc6440_0;  1 drivers
v0x800cd4460_0 .net "idex_rs2_addr", 4 0, v0x800cc6580_0;  1 drivers
v0x800cd4500_0 .net "idex_rs2_data", 31 0, v0x800cc66c0_0;  1 drivers
v0x800cd45a0_0 .net "ifid_instruction", 31 0, v0x800cc69e0_0;  1 drivers
v0x800cd4640_0 .net "ifid_pc", 31 0, v0x800cc6b20_0;  1 drivers
v0x800cd46e0_0 .net "instruction_fetched", 31 0, L_0x800c3dab0;  1 drivers
v0x800cd4780_0 .net "load_use_stall", 0 0, L_0x801064150;  1 drivers
v0x800cd4820_0 .net "mem_read_data", 31 0, L_0x800cd6760;  1 drivers
v0x800cd48c0_0 .net "memwb_accel_result", 31 0, v0x800cc7200_0;  1 drivers
v0x800cd4960_0 .net "memwb_alu_result", 31 0, v0x800cc7340_0;  1 drivers
v0x800cd4a00_0 .net "memwb_mem_data", 31 0, v0x800cc7520_0;  1 drivers
v0x800cd4aa0_0 .net "memwb_mem_to_reg", 1 0, v0x800cc7660_0;  1 drivers
v0x800cd4b40_0 .net "memwb_rd_addr", 4 0, v0x800cc77a0_0;  1 drivers
v0x800cd4be0_0 .net "memwb_reg_write", 0 0, v0x800cc78e0_0;  1 drivers
v0x800cd4c80_0 .net "pc_current", 31 0, v0x800cc7ac0_0;  1 drivers
v0x800cd4d20_0 .net "reset", 0 0, v0x800cd4fa0_0;  1 drivers
v0x800cd4dc0_0 .net "stall", 0 0, L_0x8010641c0;  1 drivers
v0x800cd4e60_0 .var "wb_write_data", 31 0;
E_0x800c4a300 .event posedge, v0x800c5eee0_0;
E_0x800c4a340 .event anyedge, v0x800cc7660_0, v0x800cc7340_0, v0x800cc7520_0, v0x800cc7200_0;
L_0x801060140 .part v0x800cc69e0_0, 0, 7;
L_0x8010601e0 .part v0x800cc69e0_0, 7, 5;
L_0x801060280 .part v0x800cc69e0_0, 12, 3;
L_0x801060320 .part v0x800cc69e0_0, 15, 5;
L_0x8010603c0 .part v0x800cc69e0_0, 20, 5;
L_0x801060460 .part v0x800cc69e0_0, 25, 7;
L_0x801060500 .part v0x800cc69e0_0, 31, 1;
LS_0x800cd5180_0_0 .concat [ 1 1 1 1], L_0x801060500, L_0x801060500, L_0x801060500, L_0x801060500;
LS_0x800cd5180_0_4 .concat [ 1 1 1 1], L_0x801060500, L_0x801060500, L_0x801060500, L_0x801060500;
LS_0x800cd5180_0_8 .concat [ 1 1 1 1], L_0x801060500, L_0x801060500, L_0x801060500, L_0x801060500;
LS_0x800cd5180_0_12 .concat [ 1 1 1 1], L_0x801060500, L_0x801060500, L_0x801060500, L_0x801060500;
LS_0x800cd5180_0_16 .concat [ 1 1 1 1], L_0x801060500, L_0x801060500, L_0x801060500, L_0x801060500;
LS_0x800cd5180_1_0 .concat [ 4 4 4 4], LS_0x800cd5180_0_0, LS_0x800cd5180_0_4, LS_0x800cd5180_0_8, LS_0x800cd5180_0_12;
LS_0x800cd5180_1_4 .concat [ 4 0 0 0], LS_0x800cd5180_0_16;
L_0x800cd5180 .concat [ 16 4 0 0], LS_0x800cd5180_1_0, LS_0x800cd5180_1_4;
L_0x8010605a0 .part v0x800cc69e0_0, 20, 12;
L_0x800cd5220 .concat [ 12 20 0 0], L_0x8010605a0, L_0x800cd5180;
L_0x800cd52c0 .cmp/eq 5, v0x800cc5fe0_0, L_0x801060320;
L_0x800cd5360 .cmp/eq 5, v0x800cc5fe0_0, L_0x8010603c0;
L_0x800cd5400 .cmp/ne 5, v0x800cc5fe0_0, L_0x8008780a0;
L_0x800c9cfa0 .reduce/nor L_0x800c3da40;
L_0x800cd54a0 .cmp/ne 5, v0x800cc4fa0_0, L_0x8008780e8;
L_0x800cd5540 .cmp/eq 5, v0x800cc4fa0_0, v0x800cc6300_0;
L_0x800cd55e0 .cmp/ne 5, v0x800cc77a0_0, L_0x800878130;
L_0x800cd5680 .cmp/eq 5, v0x800cc77a0_0, v0x800cc6300_0;
L_0x800cd5720 .functor MUXZ 32, v0x800cc6440_0, v0x800cd4e60_0, L_0x8010643f0, C4<>;
L_0x800cd57c0 .functor MUXZ 32, L_0x800cd5720, v0x800cc4a00_0, L_0x801064310, C4<>;
L_0x800cd5860 .cmp/ne 5, v0x800cc4fa0_0, L_0x800878178;
L_0x800cd5900 .cmp/eq 5, v0x800cc4fa0_0, v0x800cc6580_0;
L_0x800cd59a0 .cmp/ne 5, v0x800cc77a0_0, L_0x8008781c0;
L_0x800cd5a40 .cmp/eq 5, v0x800cc77a0_0, v0x800cc6580_0;
L_0x800cd5ae0 .functor MUXZ 32, v0x800cc66c0_0, v0x800cd4e60_0, L_0x8010645b0, C4<>;
L_0x800cd5b80 .functor MUXZ 32, L_0x800cd5ae0, v0x800cc4a00_0, L_0x8010644d0, C4<>;
L_0x800cd6300 .functor MUXZ 32, L_0x800cd5b80, v0x800cc59a0_0, v0x800cc5720_0, C4<>;
L_0x800c9d2c0 .array/port v0x800cd2940, L_0x800cd66c0;
L_0x801060780 .part v0x800cc4a00_0, 2, 8;
L_0x800cd66c0 .concat [ 8 2 0 0], L_0x801060780, L_0x8008785b0;
L_0x800cd6760 .functor MUXZ 32, L_0x8008785f8, L_0x800c9d2c0, v0x800cc4be0_0, C4<>;
S_0x10346c580 .scope module, "u_alu" "alu" 4 262, 5 7 0, S_0x10346c400;
 .timescale 0 0;
    .port_info 0 /INPUT 32 "operand_a";
    .port_info 1 /INPUT 32 "operand_b";
    .port_info 2 /INPUT 4 "alu_ctrl";
    .port_info 3 /OUTPUT 32 "alu_result";
    .port_info 4 /OUTPUT 1 "zero_flag";
P_0x8010a0000 .param/l "ALU_ADD" 1 5 16, C4<0000>;
P_0x8010a0040 .param/l "ALU_AND" 1 5 18, C4<0010>;
P_0x8010a0080 .param/l "ALU_OR" 1 5 19, C4<0011>;
P_0x8010a00c0 .param/l "ALU_SUB" 1 5 17, C4<0001>;
L_0x800878448 .functor BUFT 1, C4<00000000000000000000000000000000>, C4<0>, C4<0>, C4<0>;
v0x800c5e760_0 .net/2u *"_ivl_0", 31 0, L_0x800878448;  1 drivers
v0x800c5e800_0 .net "alu_ctrl", 3 0, v0x800cc55e0_0;  alias, 1 drivers
v0x800c5e8a0_0 .var "alu_result", 31 0;
v0x800c5e940_0 .net "operand_a", 31 0, L_0x800cd57c0;  alias, 1 drivers
v0x800c5e9e0_0 .net "operand_b", 31 0, L_0x800cd6300;  alias, 1 drivers
v0x800c5ea80_0 .net "zero_flag", 0 0, L_0x800cd63a0;  alias, 1 drivers
E_0x800c4a380 .event anyedge, v0x800c5e800_0, v0x800c5e940_0, v0x800c5e9e0_0;
L_0x800cd63a0 .cmp/eq 32, v0x800c5e8a0_0, L_0x800878448;
S_0x10346cd00 .scope module, "u_conv_accel" "convolution_accelerator" 4 271, 6 13 0, S_0x10346c400;
 .timescale 0 0;
    .port_info 0 /INPUT 1 "clk";
    .port_info 1 /INPUT 1 "reset";
    .port_info 2 /INPUT 1 "start";
    .port_info 3 /OUTPUT 1 "done";
    .port_info 4 /OUTPUT 1 "busy";
    .port_info 5 /OUTPUT 32 "result";
P_0x103479e60 .param/l "COMPUTE" 1 6 24, C4<01>;
P_0x103479ea0 .param/l "DONE_ST" 1 6 25, C4<10>;
P_0x103479ee0 .param/l "IDLE" 1 6 23, C4<00>;
L_0x801064700 .functor AND 1, v0x800cc54a0_0, L_0x800c9d220, C4<1>, C4<1>;
L_0x801064770 .functor OR 1, L_0x801064700, L_0x800cd6580, C4<0>, C4<0>;
L_0x8010647e0 .functor OR 1, L_0x801064770, L_0x800cd6620, C4<0>, C4<0>;
v0x800c5f2a0_0 .net *"_ivl_1", 0 0, L_0x800c9d220;  1 drivers
L_0x800878568 .functor BUFT 1, C4<10>, C4<0>, C4<0>, C4<0>;
v0x800c5f340_0 .net/2u *"_ivl_10", 1 0, L_0x800878568;  1 drivers
v0x800c5f3e0_0 .net *"_ivl_12", 0 0, L_0x800cd6620;  1 drivers
L_0x800878520 .functor BUFT 1, C4<01>, C4<0>, C4<0>, C4<0>;
v0x800c5f480_0 .net/2u *"_ivl_4", 1 0, L_0x800878520;  1 drivers
v0x800c5f520_0 .net *"_ivl_6", 0 0, L_0x800cd6580;  1 drivers
v0x800c5f5c0_0 .net *"_ivl_9", 0 0, L_0x801064770;  1 drivers
v0x800c5f660_0 .net "busy", 0 0, L_0x8010647e0;  alias, 1 drivers
v0x800c5f700_0 .net "clk", 0 0, v0x800cd4f00_0;  alias, 1 drivers
v0x800c5f7a0_0 .var "done", 0 0;
v0x800c5f840_0 .var "elem_count", 3 0;
v0x800c5f8e0 .array "input_window", 8 0, 7 0;
v0x800c5f980 .array "kernel", 8 0, 7 0;
v0x800c5fa20_0 .var "mac_a", 7 0;
v0x800c5fac0_0 .net "mac_acc", 31 0, v0x800c5eda0_0;  1 drivers
v0x800c5fb60_0 .var "mac_b", 7 0;
v0x800c5fc00_0 .var "mac_clear", 0 0;
v0x800c5fca0_0 .var "mac_enable", 0 0;
v0x800c5fd40_0 .var "next_state", 1 0;
v0x800c5fde0_0 .net "reset", 0 0, v0x800cd4fa0_0;  alias, 1 drivers
v0x800c5fe80_0 .var "result", 31 0;
v0x800c5ff20_0 .net "start", 0 0, v0x800cc54a0_0;  alias, 1 drivers
v0x800cc4000_0 .var "start_prev", 0 0;
v0x800cc40a0_0 .net "start_pulse", 0 0, L_0x801064700;  1 drivers
v0x800cc4140_0 .var "state", 1 0;
E_0x800c4a400 .event anyedge, v0x800cc4140_0, v0x800cc40a0_0, v0x800c5f840_0;
L_0x800c9d220 .reduce/nor v0x800cc4000_0;
L_0x800cd6580 .cmp/eq 2, v0x800cc4140_0, L_0x800878520;
L_0x800cd6620 .cmp/eq 2, v0x800cc4140_0, L_0x800878568;
S_0x10346ce80 .scope module, "u_mac" "mac_unit" 6 57, 7 8 0, S_0x10346cd00;
 .timescale 0 0;
    .port_info 0 /INPUT 1 "clk";
    .port_info 1 /INPUT 1 "reset";
    .port_info 2 /INPUT 1 "clear";
    .port_info 3 /INPUT 1 "enable";
    .port_info 4 /INPUT 8 "operand_a";
    .port_info 5 /INPUT 8 "operand_b";
    .port_info 6 /OUTPUT 32 "accumulator";
v0x800c5eb20_0 .net *"_ivl_0", 15 0, L_0x800cd6440;  1 drivers
L_0x800878490 .functor BUFT 1, C4<00000000>, C4<0>, C4<0>, C4<0>;
v0x800c5ebc0_0 .net *"_ivl_3", 7 0, L_0x800878490;  1 drivers
v0x800c5ec60_0 .net *"_ivl_4", 15 0, L_0x800cd64e0;  1 drivers
L_0x8008784d8 .functor BUFT 1, C4<00000000>, C4<0>, C4<0>, C4<0>;
v0x800c5ed00_0 .net *"_ivl_7", 7 0, L_0x8008784d8;  1 drivers
v0x800c5eda0_0 .var "accumulator", 31 0;
v0x800c5ee40_0 .net "clear", 0 0, v0x800c5fc00_0;  1 drivers
v0x800c5eee0_0 .net "clk", 0 0, v0x800cd4f00_0;  alias, 1 drivers
v0x800c5ef80_0 .net "enable", 0 0, v0x800c5fca0_0;  1 drivers
v0x800c5f020_0 .net "operand_a", 7 0, v0x800c5fa20_0;  1 drivers
v0x800c5f0c0_0 .net "operand_b", 7 0, v0x800c5fb60_0;  1 drivers
v0x800c5f160_0 .net "product", 15 0, L_0x8010606e0;  1 drivers
v0x800c5f200_0 .net "reset", 0 0, v0x800cd4fa0_0;  alias, 1 drivers
E_0x800c4a440 .event posedge, v0x800c5f200_0, v0x800c5eee0_0;
L_0x800cd6440 .concat [ 8 8 0 0], v0x800c5fa20_0, L_0x800878490;
L_0x800cd64e0 .concat [ 8 8 0 0], v0x800c5fb60_0, L_0x8008784d8;
L_0x8010606e0 .arith/mult 16, L_0x800cd6440, L_0x800cd64e0;
S_0x10346d8a0 .scope module, "u_ctrl" "control_unit" 4 188, 8 13 0, S_0x10346c400;
 .timescale 0 0;
    .port_info 0 /INPUT 7 "opcode";
    .port_info 1 /INPUT 3 "funct3";
    .port_info 2 /INPUT 7 "funct7";
    .port_info 3 /OUTPUT 1 "reg_write";
    .port_info 4 /OUTPUT 1 "alu_src";
    .port_info 5 /OUTPUT 4 "alu_ctrl";
    .port_info 6 /OUTPUT 1 "mem_read";
    .port_info 7 /OUTPUT 1 "mem_write";
    .port_info 8 /OUTPUT 2 "mem_to_reg";
    .port_info 9 /OUTPUT 1 "accel_start";
P_0x801070c40 .param/l "ALU_ADD" 1 8 33, C4<0000>;
P_0x801070c80 .param/l "ALU_AND" 1 8 35, C4<0010>;
P_0x801070cc0 .param/l "ALU_OR" 1 8 36, C4<0011>;
P_0x801070d00 .param/l "ALU_SUB" 1 8 34, C4<0001>;
P_0x801070d40 .param/l "OP_CUSTOM" 1 8 30, C4<0001011>;
P_0x801070d80 .param/l "OP_I_TYPE" 1 8 29, C4<0010011>;
P_0x801070dc0 .param/l "OP_R_TYPE" 1 8 28, C4<0110011>;
v0x800cc41e0_0 .var "accel_start", 0 0;
v0x800cc4280_0 .var "alu_ctrl", 3 0;
v0x800cc4320_0 .var "alu_src", 0 0;
v0x800cc43c0_0 .net "funct3", 2 0, L_0x801060280;  alias, 1 drivers
v0x800cc4460_0 .net "funct7", 6 0, L_0x801060460;  alias, 1 drivers
v0x800cc4500_0 .var "mem_read", 0 0;
v0x800cc45a0_0 .var "mem_to_reg", 1 0;
v0x800cc4640_0 .var "mem_write", 0 0;
v0x800cc46e0_0 .net "opcode", 6 0, L_0x801060140;  alias, 1 drivers
v0x800cc4780_0 .var "reg_write", 0 0;
E_0x800c4a4c0 .event anyedge, v0x800cc46e0_0, v0x800cc43c0_0, v0x800cc4460_0;
S_0x10346da20 .scope module, "u_exmem" "pipeline_register_ex_mem" 4 283, 9 8 0, S_0x10346c400;
 .timescale 0 0;
    .port_info 0 /INPUT 1 "clk";
    .port_info 1 /INPUT 1 "reset";
    .port_info 2 /INPUT 1 "stall";
    .port_info 3 /INPUT 1 "reg_write_in";
    .port_info 4 /INPUT 1 "mem_read_in";
    .port_info 5 /INPUT 1 "mem_write_in";
    .port_info 6 /INPUT 2 "mem_to_reg_in";
    .port_info 7 /INPUT 32 "alu_result_in";
    .port_info 8 /INPUT 32 "rs2_data_in";
    .port_info 9 /INPUT 5 "rd_addr_in";
    .port_info 10 /INPUT 32 "accel_result_in";
    .port_info 11 /OUTPUT 1 "reg_write_out";
    .port_info 12 /OUTPUT 1 "mem_read_out";
    .port_info 13 /OUTPUT 1 "mem_write_out";
    .port_info 14 /OUTPUT 2 "mem_to_reg_out";
    .port_info 15 /OUTPUT 32 "alu_result_out";
    .port_info 16 /OUTPUT 32 "rs2_data_out";
    .port_info 17 /OUTPUT 5 "rd_addr_out";
    .port_info 18 /OUTPUT 32 "accel_result_out";
v0x800cc4820_0 .net "accel_result_in", 31 0, v0x800c5fe80_0;  alias, 1 drivers
v0x800cc48c0_0 .var "accel_result_out", 31 0;
v0x800cc4960_0 .net "alu_result_in", 31 0, v0x800c5e8a0_0;  alias, 1 drivers
v0x800cc4a00_0 .var "alu_result_out", 31 0;
v0x800cc4aa0_0 .net "clk", 0 0, v0x800cd4f00_0;  alias, 1 drivers
v0x800cc4b40_0 .net "mem_read_in", 0 0, v0x800cc5ae0_0;  alias, 1 drivers
v0x800cc4be0_0 .var "mem_read_out", 0 0;
v0x800cc4c80_0 .net "mem_to_reg_in", 1 0, v0x800cc5c20_0;  alias, 1 drivers
v0x800cc4d20_0 .var "mem_to_reg_out", 1 0;
v0x800cc4dc0_0 .net "mem_write_in", 0 0, v0x800cc5d60_0;  alias, 1 drivers
v0x800cc4e60_0 .var "mem_write_out", 0 0;
v0x800cc4f00_0 .net "rd_addr_in", 4 0, v0x800cc5fe0_0;  alias, 1 drivers
v0x800cc4fa0_0 .var "rd_addr_out", 4 0;
v0x800cc5040_0 .net "reg_write_in", 0 0, v0x800cc6120_0;  alias, 1 drivers
v0x800cc50e0_0 .var "reg_write_out", 0 0;
v0x800cc5180_0 .net "reset", 0 0, v0x800cd4fa0_0;  alias, 1 drivers
v0x800cc5220_0 .net "rs2_data_in", 31 0, L_0x800cd5b80;  alias, 1 drivers
v0x800cc52c0_0 .var "rs2_data_out", 31 0;
v0x800cc5360_0 .net "stall", 0 0, L_0x800c3da40;  alias, 1 drivers
S_0x1034629c0 .scope module, "u_idex" "pipeline_register_id_ex" 4 216, 10 8 0, S_0x10346c400;
 .timescale 0 0;
    .port_info 0 /INPUT 1 "clk";
    .port_info 1 /INPUT 1 "reset";
    .port_info 2 /INPUT 1 "stall";
    .port_info 3 /INPUT 1 "flush";
    .port_info 4 /INPUT 1 "reg_write_in";
    .port_info 5 /INPUT 1 "alu_src_in";
    .port_info 6 /INPUT 4 "alu_ctrl_in";
    .port_info 7 /INPUT 1 "mem_read_in";
    .port_info 8 /INPUT 1 "mem_write_in";
    .port_info 9 /INPUT 2 "mem_to_reg_in";
    .port_info 10 /INPUT 1 "accel_start_in";
    .port_info 11 /INPUT 32 "pc_in";
    .port_info 12 /INPUT 32 "rs1_data_in";
    .port_info 13 /INPUT 32 "rs2_data_in";
    .port_info 14 /INPUT 32 "immediate_in";
    .port_info 15 /INPUT 5 "rd_addr_in";
    .port_info 16 /INPUT 5 "rs1_addr_in";
    .port_info 17 /INPUT 5 "rs2_addr_in";
    .port_info 18 /OUTPUT 1 "reg_write_out";
    .port_info 19 /OUTPUT 1 "alu_src_out";
    .port_info 20 /OUTPUT 4 "alu_ctrl_out";
    .port_info 21 /OUTPUT 1 "mem_read_out";
    .port_info 22 /OUTPUT 1 "mem_write_out";
    .port_info 23 /OUTPUT 2 "mem_to_reg_out";
    .port_info 24 /OUTPUT 1 "accel_start_out";
    .port_info 25 /OUTPUT 32 "pc_out";
    .port_info 26 /OUTPUT 32 "rs1_data_out";
    .port_info 27 /OUTPUT 32 "rs2_data_out";
    .port_info 28 /OUTPUT 32 "immediate_out";
    .port_info 29 /OUTPUT 5 "rd_addr_out";
    .port_info 30 /OUTPUT 5 "rs1_addr_out";
    .port_info 31 /OUTPUT 5 "rs2_addr_out";
v0x800cc5400_0 .net "accel_start_in", 0 0, v0x800cc41e0_0;  alias, 1 drivers
v0x800cc54a0_0 .var "accel_start_out", 0 0;
v0x800cc5540_0 .net "alu_ctrl_in", 3 0, v0x800cc4280_0;  alias, 1 drivers
v0x800cc55e0_0 .var "alu_ctrl_out", 3 0;
v0x800cc5680_0 .net "alu_src_in", 0 0, v0x800cc4320_0;  alias, 1 drivers
v0x800cc5720_0 .var "alu_src_out", 0 0;
v0x800cc57c0_0 .net "clk", 0 0, v0x800cd4f00_0;  alias, 1 drivers
v0x800cc5860_0 .net "flush", 0 0, L_0x801064230;  alias, 1 drivers
v0x800cc5900_0 .net "immediate_in", 31 0, L_0x800cd5220;  alias, 1 drivers
v0x800cc59a0_0 .var "immediate_out", 31 0;
v0x800cc5a40_0 .net "mem_read_in", 0 0, v0x800cc4500_0;  alias, 1 drivers
v0x800cc5ae0_0 .var "mem_read_out", 0 0;
v0x800cc5b80_0 .net "mem_to_reg_in", 1 0, v0x800cc45a0_0;  alias, 1 drivers
v0x800cc5c20_0 .var "mem_to_reg_out", 1 0;
v0x800cc5cc0_0 .net "mem_write_in", 0 0, v0x800cc4640_0;  alias, 1 drivers
v0x800cc5d60_0 .var "mem_write_out", 0 0;
v0x800cc5e00_0 .net "pc_in", 31 0, v0x800cc6b20_0;  alias, 1 drivers
v0x800cc5ea0_0 .var "pc_out", 31 0;
v0x800cc5f40_0 .net "rd_addr_in", 4 0, L_0x8010601e0;  alias, 1 drivers
v0x800cc5fe0_0 .var "rd_addr_out", 4 0;
v0x800cc6080_0 .net "reg_write_in", 0 0, v0x800cc4780_0;  alias, 1 drivers
v0x800cc6120_0 .var "reg_write_out", 0 0;
v0x800cc61c0_0 .net "reset", 0 0, v0x800cd4fa0_0;  alias, 1 drivers
v0x800cc6260_0 .net "rs1_addr_in", 4 0, L_0x801060320;  alias, 1 drivers
v0x800cc6300_0 .var "rs1_addr_out", 4 0;
v0x800cc63a0_0 .net "rs1_data_in", 31 0, L_0x800cd5f40;  alias, 1 drivers
v0x800cc6440_0 .var "rs1_data_out", 31 0;
v0x800cc64e0_0 .net "rs2_addr_in", 4 0, L_0x8010603c0;  alias, 1 drivers
v0x800cc6580_0 .var "rs2_addr_out", 4 0;
v0x800cc6620_0 .net "rs2_data_in", 31 0, L_0x800cd6260;  alias, 1 drivers
v0x800cc66c0_0 .var "rs2_data_out", 31 0;
v0x800cc6760_0 .net "stall", 0 0, L_0x800c3da40;  alias, 1 drivers
S_0x103462b40 .scope module, "u_ifid" "pipeline_register_if_id" 4 174, 11 8 0, S_0x10346c400;
 .timescale 0 0;
    .port_info 0 /INPUT 1 "clk";
    .port_info 1 /INPUT 1 "reset";
    .port_info 2 /INPUT 1 "stall";
    .port_info 3 /INPUT 1 "flush";
    .port_info 4 /INPUT 32 "pc_in";
    .port_info 5 /INPUT 32 "instruction_in";
    .port_info 6 /OUTPUT 32 "pc_out";
    .port_info 7 /OUTPUT 32 "instruction_out";
v0x800cc6800_0 .net "clk", 0 0, v0x800cd4f00_0;  alias, 1 drivers
L_0x800878250 .functor BUFT 1, C4<0>, C4<0>, C4<0>, C4<0>;
v0x800cc68a0_0 .net "flush", 0 0, L_0x800878250;  1 drivers
v0x800cc6940_0 .net "instruction_in", 31 0, L_0x800c3dab0;  alias, 1 drivers
v0x800cc69e0_0 .var "instruction_out", 31 0;
v0x800cc6a80_0 .net "pc_in", 31 0, v0x800cc7ac0_0;  alias, 1 drivers
v0x800cc6b20_0 .var "pc_out", 31 0;
v0x800cc6bc0_0 .net "reset", 0 0, v0x800cd4fa0_0;  alias, 1 drivers
v0x800cc6c60_0 .net "stall", 0 0, L_0x8010641c0;  alias, 1 drivers
S_0x1034664d0 .scope module, "u_imem" "instruction_memory" 4 166, 12 7 0, S_0x10346c400;
 .timescale 0 0;
    .port_info 0 /INPUT 32 "addr";
    .port_info 1 /OUTPUT 32 "instruction";
L_0x800c3dab0 .functor BUFZ 32, L_0x800c9d040, C4<00000000000000000000000000000000>, C4<00000000000000000000000000000000>, C4<00000000000000000000000000000000>;
v0x800cc6d00_0 .net *"_ivl_0", 31 0, L_0x800c9d040;  1 drivers
v0x800cc6da0_0 .net *"_ivl_3", 7 0, L_0x801060640;  1 drivers
v0x800cc6e40_0 .net *"_ivl_4", 9 0, L_0x800cd5c20;  1 drivers
L_0x800878208 .functor BUFT 1, C4<00>, C4<0>, C4<0>, C4<0>;
v0x800cc6ee0_0 .net *"_ivl_7", 1 0, L_0x800878208;  1 drivers
v0x800cc6f80_0 .net "addr", 31 0, v0x800cc7ac0_0;  alias, 1 drivers
v0x800cc7020_0 .net "instruction", 31 0, L_0x800c3dab0;  alias, 1 drivers
v0x800cc70c0 .array "mem", 255 0, 31 0;
L_0x800c9d040 .array/port v0x800cc70c0, L_0x800cd5c20;
L_0x801060640 .part v0x800cc7ac0_0, 2, 8;
L_0x800cd5c20 .concat [ 8 2 0 0], L_0x801060640, L_0x800878208;
S_0x103466650 .scope module, "u_memwb" "pipeline_register_mem_wb" 4 328, 13 8 0, S_0x10346c400;
 .timescale 0 0;
    .port_info 0 /INPUT 1 "clk";
    .port_info 1 /INPUT 1 "reset";
    .port_info 2 /INPUT 1 "reg_write_in";
    .port_info 3 /INPUT 2 "mem_to_reg_in";
    .port_info 4 /INPUT 32 "mem_data_in";
    .port_info 5 /INPUT 32 "alu_result_in";
    .port_info 6 /INPUT 5 "rd_addr_in";
    .port_info 7 /INPUT 32 "accel_result_in";
    .port_info 8 /OUTPUT 1 "reg_write_out";
    .port_info 9 /OUTPUT 2 "mem_to_reg_out";
    .port_info 10 /OUTPUT 32 "mem_data_out";
    .port_info 11 /OUTPUT 32 "alu_result_out";
    .port_info 12 /OUTPUT 5 "rd_addr_out";
    .port_info 13 /OUTPUT 32 "accel_result_out";
v0x800cc7160_0 .net "accel_result_in", 31 0, v0x800cc48c0_0;  alias, 1 drivers
v0x800cc7200_0 .var "accel_result_out", 31 0;
v0x800cc72a0_0 .net "alu_result_in", 31 0, v0x800cc4a00_0;  alias, 1 drivers
v0x800cc7340_0 .var "alu_result_out", 31 0;
v0x800cc73e0_0 .net "clk", 0 0, v0x800cd4f00_0;  alias, 1 drivers
v0x800cc7480_0 .net "mem_data_in", 31 0, L_0x800cd6760;  alias, 1 drivers
v0x800cc7520_0 .var "mem_data_out", 31 0;
v0x800cc75c0_0 .net "mem_to_reg_in", 1 0, v0x800cc4d20_0;  alias, 1 drivers
v0x800cc7660_0 .var "mem_to_reg_out", 1 0;
v0x800cc7700_0 .net "rd_addr_in", 4 0, v0x800cc4fa0_0;  alias, 1 drivers
v0x800cc77a0_0 .var "rd_addr_out", 4 0;
v0x800cc7840_0 .net "reg_write_in", 0 0, v0x800cc50e0_0;  alias, 1 drivers
v0x800cc78e0_0 .var "reg_write_out", 0 0;
v0x800cc7980_0 .net "reset", 0 0, v0x800cd4fa0_0;  alias, 1 drivers
S_0x800cc8000 .scope module, "u_pc" "pc" 4 159, 14 7 0, S_0x10346c400;
 .timescale 0 0;
    .port_info 0 /INPUT 1 "clk";
    .port_info 1 /INPUT 1 "reset";
    .port_info 2 /INPUT 1 "stall";
    .port_info 3 /OUTPUT 32 "pc_out";
v0x800cc7a20_0 .net "clk", 0 0, v0x800cd4f00_0;  alias, 1 drivers
v0x800cc7ac0_0 .var "pc_out", 31 0;
v0x800cc7b60_0 .net "reset", 0 0, v0x800cd4fa0_0;  alias, 1 drivers
v0x800cc7c00_0 .net "stall", 0 0, L_0x8010641c0;  alias, 1 drivers
S_0x800cc8180 .scope module, "u_regfile" "register_file" 4 201, 15 9 0, S_0x10346c400;
 .timescale 0 0;
    .port_info 0 /INPUT 1 "clk";
    .port_info 1 /INPUT 1 "reset";
    .port_info 2 /INPUT 5 "rs1_addr";
    .port_info 3 /INPUT 5 "rs2_addr";
    .port_info 4 /OUTPUT 32 "rs1_data";
    .port_info 5 /OUTPUT 32 "rs2_data";
    .port_info 6 /INPUT 1 "wr_en";
    .port_info 7 /INPUT 5 "rd_addr";
    .port_info 8 /INPUT 32 "rd_data";
L_0x801064620 .functor AND 1, v0x800cc78e0_0, L_0x800cd5d60, C4<1>, C4<1>;
L_0x801064690 .functor AND 1, v0x800cc78e0_0, L_0x800cd6080, C4<1>, C4<1>;
L_0x800878298 .functor BUFT 1, C4<00000>, C4<0>, C4<0>, C4<0>;
v0x800cc7ca0_0 .net/2u *"_ivl_0", 4 0, L_0x800878298;  1 drivers
v0x800cc7d40_0 .net *"_ivl_10", 31 0, L_0x800c9d0e0;  1 drivers
v0x800cc7de0_0 .net *"_ivl_12", 6 0, L_0x800cd5e00;  1 drivers
L_0x800878328 .functor BUFT 1, C4<00>, C4<0>, C4<0>, C4<0>;
v0x800cc7e80_0 .net *"_ivl_15", 1 0, L_0x800878328;  1 drivers
v0x800cc7f20_0 .net *"_ivl_16", 31 0, L_0x800cd5ea0;  1 drivers
v0x800cd0000_0 .net *"_ivl_2", 0 0, L_0x800cd5cc0;  1 drivers
L_0x800878370 .functor BUFT 1, C4<00000>, C4<0>, C4<0>, C4<0>;
v0x800cd00a0_0 .net/2u *"_ivl_20", 4 0, L_0x800878370;  1 drivers
v0x800cd0140_0 .net *"_ivl_22", 0 0, L_0x800cd5fe0;  1 drivers
L_0x8008783b8 .functor BUFT 1, C4<00000000000000000000000000000000>, C4<0>, C4<0>, C4<0>;
v0x800cd01e0_0 .net/2u *"_ivl_24", 31 0, L_0x8008783b8;  1 drivers
v0x800cd0280_0 .net *"_ivl_26", 0 0, L_0x800cd6080;  1 drivers
v0x800cd0320_0 .net *"_ivl_29", 0 0, L_0x801064690;  1 drivers
v0x800cd03c0_0 .net *"_ivl_30", 31 0, L_0x800c9d180;  1 drivers
v0x800cd0460_0 .net *"_ivl_32", 6 0, L_0x800cd6120;  1 drivers
L_0x800878400 .functor BUFT 1, C4<00>, C4<0>, C4<0>, C4<0>;
v0x800cd0500_0 .net *"_ivl_35", 1 0, L_0x800878400;  1 drivers
v0x800cd05a0_0 .net *"_ivl_36", 31 0, L_0x800cd61c0;  1 drivers
L_0x8008782e0 .functor BUFT 1, C4<00000000000000000000000000000000>, C4<0>, C4<0>, C4<0>;
v0x800cd0640_0 .net/2u *"_ivl_4", 31 0, L_0x8008782e0;  1 drivers
v0x800cd06e0_0 .net *"_ivl_6", 0 0, L_0x800cd5d60;  1 drivers
v0x800cd0780_0 .net *"_ivl_9", 0 0, L_0x801064620;  1 drivers
v0x800cd0820_0 .net "clk", 0 0, v0x800cd4f00_0;  alias, 1 drivers
v0x800cd08c0_0 .var/i "i", 31 0;
v0x800cd0960_0 .net "rd_addr", 4 0, v0x800cc77a0_0;  alias, 1 drivers
v0x800cd0a00_0 .net "rd_data", 31 0, v0x800cd4e60_0;  1 drivers
v0x800cd0aa0 .array "registers", 31 0, 31 0;
v0x800cd0b40_0 .net "reset", 0 0, v0x800cd4fa0_0;  alias, 1 drivers
v0x800cd0be0_0 .net "rs1_addr", 4 0, L_0x801060320;  alias, 1 drivers
v0x800cd0c80_0 .net "rs1_data", 31 0, L_0x800cd5f40;  alias, 1 drivers
v0x800cd0d20_0 .net "rs2_addr", 4 0, L_0x8010603c0;  alias, 1 drivers
v0x800cd0dc0_0 .net "rs2_data", 31 0, L_0x800cd6260;  alias, 1 drivers
v0x800cd0e60_0 .net "wr_en", 0 0, v0x800cc78e0_0;  alias, 1 drivers
L_0x800cd5cc0 .cmp/eq 5, L_0x801060320, L_0x800878298;
L_0x800cd5d60 .cmp/eq 5, v0x800cc77a0_0, L_0x801060320;
L_0x800c9d0e0 .array/port v0x800cd0aa0, L_0x800cd5e00;
L_0x800cd5e00 .concat [ 5 2 0 0], L_0x801060320, L_0x800878328;
L_0x800cd5ea0 .functor MUXZ 32, L_0x800c9d0e0, v0x800cd4e60_0, L_0x801064620, C4<>;
L_0x800cd5f40 .functor MUXZ 32, L_0x800cd5ea0, L_0x8008782e0, L_0x800cd5cc0, C4<>;
L_0x800cd5fe0 .cmp/eq 5, L_0x8010603c0, L_0x800878370;
L_0x800cd6080 .cmp/eq 5, v0x800cc77a0_0, L_0x8010603c0;
L_0x800c9d180 .array/port v0x800cd0aa0, L_0x800cd6120;
L_0x800cd6120 .concat [ 5 2 0 0], L_0x8010603c0, L_0x800878400;
L_0x800cd61c0 .functor MUXZ 32, L_0x800c9d180, v0x800cd4e60_0, L_0x801064690, C4<>;
L_0x800cd6260 .functor MUXZ 32, L_0x800cd61c0, L_0x8008783b8, L_0x800cd5fe0, C4<>;
    .scope S_0x800cc8000;
T_0 ;
    %wait E_0x800c4a440;
    %load/vec4 v0x800cc7b60_0;
    %flag_set/vec4 8;
    %jmp/0xz  T_0.0, 8;
    %pushi/vec4 0, 0, 32;
    %assign/vec4 v0x800cc7ac0_0, 0;
    %jmp T_0.1;
T_0.0 ;
    %load/vec4 v0x800cc7c00_0;
    %nor/r;
    %flag_set/vec4 8;
    %jmp/0xz  T_0.2, 8;
    %load/vec4 v0x800cc7ac0_0;
    %addi 4, 0, 32;
    %assign/vec4 v0x800cc7ac0_0, 0;
T_0.2 ;
T_0.1 ;
    %jmp T_0;
    .thread T_0;
    .scope S_0x1034664d0;
T_1 ;
    %vpi_call 12 17 "$readmemh", "instructions.mem", v0x800cc70c0 {0 0 0};
    %end;
    .thread T_1;
    .scope S_0x103462b40;
T_2 ;
    %wait E_0x800c4a440;
    %load/vec4 v0x800cc6bc0_0;
    %flag_set/vec4 8;
    %jmp/1 T_2.2, 8;
    %load/vec4 v0x800cc68a0_0;
    %flag_set/vec4 9;
    %flag_or 8, 9;
T_2.2;
    %jmp/0xz  T_2.0, 8;
    %pushi/vec4 0, 0, 32;
    %assign/vec4 v0x800cc6b20_0, 0;
    %pushi/vec4 19, 0, 32;
    %assign/vec4 v0x800cc69e0_0, 0;
    %jmp T_2.1;
T_2.0 ;
    %load/vec4 v0x800cc6c60_0;
    %nor/r;
    %flag_set/vec4 8;
    %jmp/0xz  T_2.3, 8;
    %load/vec4 v0x800cc6a80_0;
    %assign/vec4 v0x800cc6b20_0, 0;
    %load/vec4 v0x800cc6940_0;
    %assign/vec4 v0x800cc69e0_0, 0;
T_2.3 ;
T_2.1 ;
    %jmp T_2;
    .thread T_2;
    .scope S_0x10346d8a0;
T_3 ;
    %wait E_0x800c4a4c0;
    %pushi/vec4 0, 0, 1;
    %store/vec4 v0x800cc4780_0, 0, 1;
    %pushi/vec4 0, 0, 1;
    %store/vec4 v0x800cc4320_0, 0, 1;
    %pushi/vec4 0, 0, 4;
    %store/vec4 v0x800cc4280_0, 0, 4;
    %pushi/vec4 0, 0, 1;
    %store/vec4 v0x800cc4500_0, 0, 1;
    %pushi/vec4 0, 0, 1;
    %store/vec4 v0x800cc4640_0, 0, 1;
    %pushi/vec4 0, 0, 2;
    %store/vec4 v0x800cc45a0_0, 0, 2;
    %pushi/vec4 0, 0, 1;
    %store/vec4 v0x800cc41e0_0, 0, 1;
    %load/vec4 v0x800cc46e0_0;
    %dup/vec4;
    %pushi/vec4 51, 0, 7;
    %cmp/u;
    %jmp/1 T_3.0, 6;
    %dup/vec4;
    %pushi/vec4 19, 0, 7;
    %cmp/u;
    %jmp/1 T_3.1, 6;
    %dup/vec4;
    %pushi/vec4 11, 0, 7;
    %cmp/u;
    %jmp/1 T_3.2, 6;
    %jmp T_3.4;
T_3.0 ;
    %pushi/vec4 1, 0, 1;
    %store/vec4 v0x800cc4780_0, 0, 1;
    %pushi/vec4 0, 0, 1;
    %store/vec4 v0x800cc4320_0, 0, 1;
    %pushi/vec4 0, 0, 2;
    %store/vec4 v0x800cc45a0_0, 0, 2;
    %load/vec4 v0x800cc43c0_0;
    %dup/vec4;
    %pushi/vec4 0, 0, 3;
    %cmp/u;
    %jmp/1 T_3.5, 6;
    %dup/vec4;
    %pushi/vec4 7, 0, 3;
    %cmp/u;
    %jmp/1 T_3.6, 6;
    %dup/vec4;
    %pushi/vec4 6, 0, 3;
    %cmp/u;
    %jmp/1 T_3.7, 6;
    %pushi/vec4 0, 0, 4;
    %store/vec4 v0x800cc4280_0, 0, 4;
    %jmp T_3.9;
T_3.5 ;
    %load/vec4 v0x800cc4460_0;
    %parti/s 1, 5, 4;
    %flag_set/vec4 8;
    %jmp/0xz  T_3.10, 8;
    %pushi/vec4 1, 0, 4;
    %store/vec4 v0x800cc4280_0, 0, 4;
    %jmp T_3.11;
T_3.10 ;
    %pushi/vec4 0, 0, 4;
    %store/vec4 v0x800cc4280_0, 0, 4;
T_3.11 ;
    %jmp T_3.9;
T_3.6 ;
    %pushi/vec4 2, 0, 4;
    %store/vec4 v0x800cc4280_0, 0, 4;
    %jmp T_3.9;
T_3.7 ;
    %pushi/vec4 3, 0, 4;
    %store/vec4 v0x800cc4280_0, 0, 4;
    %jmp T_3.9;
T_3.9 ;
    %pop/vec4 1;
    %jmp T_3.4;
T_3.1 ;
    %pushi/vec4 1, 0, 1;
    %store/vec4 v0x800cc4780_0, 0, 1;
    %pushi/vec4 1, 0, 1;
    %store/vec4 v0x800cc4320_0, 0, 1;
    %pushi/vec4 0, 0, 4;
    %store/vec4 v0x800cc4280_0, 0, 4;
    %pushi/vec4 0, 0, 2;
    %store/vec4 v0x800cc45a0_0, 0, 2;
    %jmp T_3.4;
T_3.2 ;
    %pushi/vec4 1, 0, 1;
    %store/vec4 v0x800cc4780_0, 0, 1;
    %pushi/vec4 1, 0, 1;
    %store/vec4 v0x800cc41e0_0, 0, 1;
    %pushi/vec4 2, 0, 2;
    %store/vec4 v0x800cc45a0_0, 0, 2;
    %jmp T_3.4;
T_3.4 ;
    %pop/vec4 1;
    %jmp T_3;
    .thread T_3, $push;
    .scope S_0x800cc8180;
T_4 ;
    %wait E_0x800c4a440;
    %load/vec4 v0x800cd0b40_0;
    %flag_set/vec4 8;
    %jmp/0xz  T_4.0, 8;
    %pushi/vec4 0, 0, 32;
    %store/vec4 v0x800cd08c0_0, 0, 32;
T_4.2 ;
    %load/vec4 v0x800cd08c0_0;
    %cmpi/s 32, 0, 32;
    %jmp/0xz T_4.3, 5;
    %pushi/vec4 0, 0, 32;
    %ix/getv/s 3, v0x800cd08c0_0;
    %ix/load 4, 0, 0; Constant delay
    %assign/vec4/a/d v0x800cd0aa0, 0, 4;
    %load/vec4 v0x800cd08c0_0;
    %addi 1, 0, 32;
    %store/vec4 v0x800cd08c0_0, 0, 32;
    %jmp T_4.2;
T_4.3 ;
    %jmp T_4.1;
T_4.0 ;
    %load/vec4 v0x800cd0e60_0;
    %flag_set/vec4 9;
    %flag_get/vec4 9;
    %jmp/0 T_4.6, 9;
    %load/vec4 v0x800cd0960_0;
    %pushi/vec4 0, 0, 5;
    %cmp/ne;
    %flag_get/vec4 4;
    %and;
T_4.6;
    %flag_set/vec4 8;
    %jmp/0xz  T_4.4, 8;
    %load/vec4 v0x800cd0a00_0;
    %load/vec4 v0x800cd0960_0;
    %pad/u 7;
    %ix/vec4 3;
    %ix/load 4, 0, 0; Constant delay
    %assign/vec4/a/d v0x800cd0aa0, 0, 4;
T_4.4 ;
T_4.1 ;
    %jmp T_4;
    .thread T_4;
    .scope S_0x1034629c0;
T_5 ;
    %wait E_0x800c4a440;
    %load/vec4 v0x800cc61c0_0;
    %flag_set/vec4 8;
    %jmp/1 T_5.2, 8;
    %load/vec4 v0x800cc5860_0;
    %flag_set/vec4 9;
    %flag_or 8, 9;
T_5.2;
    %jmp/0xz  T_5.0, 8;
    %pushi/vec4 0, 0, 1;
    %assign/vec4 v0x800cc6120_0, 0;
    %pushi/vec4 0, 0, 1;
    %assign/vec4 v0x800cc5720_0, 0;
    %pushi/vec4 0, 0, 4;
    %assign/vec4 v0x800cc55e0_0, 0;
    %pushi/vec4 0, 0, 1;
    %assign/vec4 v0x800cc5ae0_0, 0;
    %pushi/vec4 0, 0, 1;
    %assign/vec4 v0x800cc5d60_0, 0;
    %pushi/vec4 0, 0, 2;
    %assign/vec4 v0x800cc5c20_0, 0;
    %pushi/vec4 0, 0, 1;
    %assign/vec4 v0x800cc54a0_0, 0;
    %pushi/vec4 0, 0, 32;
    %assign/vec4 v0x800cc5ea0_0, 0;
    %pushi/vec4 0, 0, 32;
    %assign/vec4 v0x800cc6440_0, 0;
    %pushi/vec4 0, 0, 32;
    %assign/vec4 v0x800cc66c0_0, 0;
    %pushi/vec4 0, 0, 32;
    %assign/vec4 v0x800cc59a0_0, 0;
    %pushi/vec4 0, 0, 5;
    %assign/vec4 v0x800cc5fe0_0, 0;
    %pushi/vec4 0, 0, 5;
    %assign/vec4 v0x800cc6300_0, 0;
    %pushi/vec4 0, 0, 5;
    %assign/vec4 v0x800cc6580_0, 0;
    %jmp T_5.1;
T_5.0 ;
    %load/vec4 v0x800cc6760_0;
    %nor/r;
    %flag_set/vec4 8;
    %jmp/0xz  T_5.3, 8;
    %load/vec4 v0x800cc6080_0;
    %assign/vec4 v0x800cc6120_0, 0;
    %load/vec4 v0x800cc5680_0;
    %assign/vec4 v0x800cc5720_0, 0;
    %load/vec4 v0x800cc5540_0;
    %assign/vec4 v0x800cc55e0_0, 0;
    %load/vec4 v0x800cc5a40_0;
    %assign/vec4 v0x800cc5ae0_0, 0;
    %load/vec4 v0x800cc5cc0_0;
    %assign/vec4 v0x800cc5d60_0, 0;
    %load/vec4 v0x800cc5b80_0;
    %assign/vec4 v0x800cc5c20_0, 0;
    %load/vec4 v0x800cc5400_0;
    %assign/vec4 v0x800cc54a0_0, 0;
    %load/vec4 v0x800cc5e00_0;
    %assign/vec4 v0x800cc5ea0_0, 0;
    %load/vec4 v0x800cc63a0_0;
    %assign/vec4 v0x800cc6440_0, 0;
    %load/vec4 v0x800cc6620_0;
    %assign/vec4 v0x800cc66c0_0, 0;
    %load/vec4 v0x800cc5900_0;
    %assign/vec4 v0x800cc59a0_0, 0;
    %load/vec4 v0x800cc5f40_0;
    %assign/vec4 v0x800cc5fe0_0, 0;
    %load/vec4 v0x800cc6260_0;
    %assign/vec4 v0x800cc6300_0, 0;
    %load/vec4 v0x800cc64e0_0;
    %assign/vec4 v0x800cc6580_0, 0;
T_5.3 ;
T_5.1 ;
    %jmp T_5;
    .thread T_5;
    .scope S_0x10346c580;
T_6 ;
    %wait E_0x800c4a380;
    %load/vec4 v0x800c5e800_0;
    %dup/vec4;
    %pushi/vec4 0, 0, 4;
    %cmp/u;
    %jmp/1 T_6.0, 6;
    %dup/vec4;
    %pushi/vec4 1, 0, 4;
    %cmp/u;
    %jmp/1 T_6.1, 6;
    %dup/vec4;
    %pushi/vec4 2, 0, 4;
    %cmp/u;
    %jmp/1 T_6.2, 6;
    %dup/vec4;
    %pushi/vec4 3, 0, 4;
    %cmp/u;
    %jmp/1 T_6.3, 6;
    %pushi/vec4 0, 0, 32;
    %store/vec4 v0x800c5e8a0_0, 0, 32;
    %jmp T_6.5;
T_6.0 ;
    %load/vec4 v0x800c5e940_0;
    %load/vec4 v0x800c5e9e0_0;
    %add;
    %store/vec4 v0x800c5e8a0_0, 0, 32;
    %jmp T_6.5;
T_6.1 ;
    %load/vec4 v0x800c5e940_0;
    %load/vec4 v0x800c5e9e0_0;
    %sub;
    %store/vec4 v0x800c5e8a0_0, 0, 32;
    %jmp T_6.5;
T_6.2 ;
    %load/vec4 v0x800c5e940_0;
    %load/vec4 v0x800c5e9e0_0;
    %and;
    %store/vec4 v0x800c5e8a0_0, 0, 32;
    %jmp T_6.5;
T_6.3 ;
    %load/vec4 v0x800c5e940_0;
    %load/vec4 v0x800c5e9e0_0;
    %or;
    %store/vec4 v0x800c5e8a0_0, 0, 32;
    %jmp T_6.5;
T_6.5 ;
    %pop/vec4 1;
    %jmp T_6;
    .thread T_6, $push;
    .scope S_0x10346ce80;
T_7 ;
    %wait E_0x800c4a440;
    %load/vec4 v0x800c5f200_0;
    %flag_set/vec4 8;
    %jmp/1 T_7.2, 8;
    %load/vec4 v0x800c5ee40_0;
    %flag_set/vec4 9;
    %flag_or 8, 9;
T_7.2;
    %jmp/0xz  T_7.0, 8;
    %pushi/vec4 0, 0, 32;
    %assign/vec4 v0x800c5eda0_0, 0;
    %jmp T_7.1;
T_7.0 ;
    %load/vec4 v0x800c5ef80_0;
    %flag_set/vec4 8;
    %jmp/0xz  T_7.3, 8;
    %load/vec4 v0x800c5eda0_0;
    %pushi/vec4 0, 0, 16;
    %load/vec4 v0x800c5f160_0;
    %concat/vec4; draw_concat_vec4
    %add;
    %assign/vec4 v0x800c5eda0_0, 0;
T_7.3 ;
T_7.1 ;
    %jmp T_7;
    .thread T_7;
    .scope S_0x10346cd00;
T_8 ;
    %wait E_0x800c4a440;
    %load/vec4 v0x800c5fde0_0;
    %flag_set/vec4 8;
    %jmp/0xz  T_8.0, 8;
    %pushi/vec4 0, 0, 1;
    %assign/vec4 v0x800cc4000_0, 0;
    %jmp T_8.1;
T_8.0 ;
    %load/vec4 v0x800c5ff20_0;
    %assign/vec4 v0x800cc4000_0, 0;
T_8.1 ;
    %jmp T_8;
    .thread T_8;
    .scope S_0x10346cd00;
T_9 ;
    %wait E_0x800c4a440;
    %load/vec4 v0x800c5fde0_0;
    %flag_set/vec4 8;
    %jmp/0xz  T_9.0, 8;
    %pushi/vec4 1, 0, 8;
    %ix/load 3, 0, 0;
    %flag_set/imm 4, 0;
    %ix/load 4, 0, 0; Constant delay
    %assign/vec4/a/d v0x800c5f980, 0, 4;
    %pushi/vec4 0, 0, 8;
    %ix/load 3, 1, 0;
    %flag_set/imm 4, 0;
    %ix/load 4, 0, 0; Constant delay
    %assign/vec4/a/d v0x800c5f980, 0, 4;
    %pushi/vec4 1, 0, 8;
    %ix/load 3, 2, 0;
    %flag_set/imm 4, 0;
    %ix/load 4, 0, 0; Constant delay
    %assign/vec4/a/d v0x800c5f980, 0, 4;
    %pushi/vec4 0, 0, 8;
    %ix/load 3, 3, 0;
    %flag_set/imm 4, 0;
    %ix/load 4, 0, 0; Constant delay
    %assign/vec4/a/d v0x800c5f980, 0, 4;
    %pushi/vec4 1, 0, 8;
    %ix/load 3, 4, 0;
    %flag_set/imm 4, 0;
    %ix/load 4, 0, 0; Constant delay
    %assign/vec4/a/d v0x800c5f980, 0, 4;
    %pushi/vec4 0, 0, 8;
    %ix/load 3, 5, 0;
    %flag_set/imm 4, 0;
    %ix/load 4, 0, 0; Constant delay
    %assign/vec4/a/d v0x800c5f980, 0, 4;
    %pushi/vec4 1, 0, 8;
    %ix/load 3, 6, 0;
    %flag_set/imm 4, 0;
    %ix/load 4, 0, 0; Constant delay
    %assign/vec4/a/d v0x800c5f980, 0, 4;
    %pushi/vec4 0, 0, 8;
    %ix/load 3, 7, 0;
    %flag_set/imm 4, 0;
    %ix/load 4, 0, 0; Constant delay
    %assign/vec4/a/d v0x800c5f980, 0, 4;
    %pushi/vec4 1, 0, 8;
    %ix/load 3, 8, 0;
    %flag_set/imm 4, 0;
    %ix/load 4, 0, 0; Constant delay
    %assign/vec4/a/d v0x800c5f980, 0, 4;
    %pushi/vec4 1, 0, 8;
    %ix/load 3, 0, 0;
    %flag_set/imm 4, 0;
    %ix/load 4, 0, 0; Constant delay
    %assign/vec4/a/d v0x800c5f8e0, 0, 4;
    %pushi/vec4 2, 0, 8;
    %ix/load 3, 1, 0;
    %flag_set/imm 4, 0;
    %ix/load 4, 0, 0; Constant delay
    %assign/vec4/a/d v0x800c5f8e0, 0, 4;
    %pushi/vec4 3, 0, 8;
    %ix/load 3, 2, 0;
    %flag_set/imm 4, 0;
    %ix/load 4, 0, 0; Constant delay
    %assign/vec4/a/d v0x800c5f8e0, 0, 4;
    %pushi/vec4 4, 0, 8;
    %ix/load 3, 3, 0;
    %flag_set/imm 4, 0;
    %ix/load 4, 0, 0; Constant delay
    %assign/vec4/a/d v0x800c5f8e0, 0, 4;
    %pushi/vec4 5, 0, 8;
    %ix/load 3, 4, 0;
    %flag_set/imm 4, 0;
    %ix/load 4, 0, 0; Constant delay
    %assign/vec4/a/d v0x800c5f8e0, 0, 4;
    %pushi/vec4 6, 0, 8;
    %ix/load 3, 5, 0;
    %flag_set/imm 4, 0;
    %ix/load 4, 0, 0; Constant delay
    %assign/vec4/a/d v0x800c5f8e0, 0, 4;
    %pushi/vec4 7, 0, 8;
    %ix/load 3, 6, 0;
    %flag_set/imm 4, 0;
    %ix/load 4, 0, 0; Constant delay
    %assign/vec4/a/d v0x800c5f8e0, 0, 4;
    %pushi/vec4 8, 0, 8;
    %ix/load 3, 7, 0;
    %flag_set/imm 4, 0;
    %ix/load 4, 0, 0; Constant delay
    %assign/vec4/a/d v0x800c5f8e0, 0, 4;
    %pushi/vec4 9, 0, 8;
    %ix/load 3, 8, 0;
    %flag_set/imm 4, 0;
    %ix/load 4, 0, 0; Constant delay
    %assign/vec4/a/d v0x800c5f8e0, 0, 4;
T_9.0 ;
    %jmp T_9;
    .thread T_9;
    .scope S_0x10346cd00;
T_10 ;
    %wait E_0x800c4a440;
    %load/vec4 v0x800c5fde0_0;
    %flag_set/vec4 8;
    %jmp/0xz  T_10.0, 8;
    %pushi/vec4 0, 0, 2;
    %assign/vec4 v0x800cc4140_0, 0;
    %jmp T_10.1;
T_10.0 ;
    %load/vec4 v0x800c5fd40_0;
    %assign/vec4 v0x800cc4140_0, 0;
T_10.1 ;
    %jmp T_10;
    .thread T_10;
    .scope S_0x10346cd00;
T_11 ;
    %wait E_0x800c4a400;
    %load/vec4 v0x800cc4140_0;
    %store/vec4 v0x800c5fd40_0, 0, 2;
    %load/vec4 v0x800cc4140_0;
    %dup/vec4;
    %pushi/vec4 0, 0, 2;
    %cmp/u;
    %jmp/1 T_11.0, 6;
    %dup/vec4;
    %pushi/vec4 1, 0, 2;
    %cmp/u;
    %jmp/1 T_11.1, 6;
    %dup/vec4;
    %pushi/vec4 2, 0, 2;
    %cmp/u;
    %jmp/1 T_11.2, 6;
    %pushi/vec4 0, 0, 2;
    %store/vec4 v0x800c5fd40_0, 0, 2;
    %jmp T_11.4;
T_11.0 ;
    %load/vec4 v0x800cc40a0_0;
    %flag_set/vec4 8;
    %jmp/0xz  T_11.5, 8;
    %pushi/vec4 1, 0, 2;
    %store/vec4 v0x800c5fd40_0, 0, 2;
T_11.5 ;
    %jmp T_11.4;
T_11.1 ;
    %load/vec4 v0x800c5f840_0;
    %cmpi/e 9, 0, 4;
    %jmp/0xz  T_11.7, 4;
    %pushi/vec4 2, 0, 2;
    %store/vec4 v0x800c5fd40_0, 0, 2;
T_11.7 ;
    %jmp T_11.4;
T_11.2 ;
    %pushi/vec4 0, 0, 2;
    %store/vec4 v0x800c5fd40_0, 0, 2;
    %jmp T_11.4;
T_11.4 ;
    %pop/vec4 1;
    %jmp T_11;
    .thread T_11, $push;
    .scope S_0x10346cd00;
T_12 ;
    %wait E_0x800c4a440;
    %load/vec4 v0x800c5fde0_0;
    %flag_set/vec4 8;
    %jmp/0xz  T_12.0, 8;
    %pushi/vec4 0, 0, 4;
    %assign/vec4 v0x800c5f840_0, 0;
    %pushi/vec4 0, 0, 1;
    %assign/vec4 v0x800c5fc00_0, 0;
    %pushi/vec4 0, 0, 1;
    %assign/vec4 v0x800c5fca0_0, 0;
    %pushi/vec4 0, 0, 8;
    %assign/vec4 v0x800c5fa20_0, 0;
    %pushi/vec4 0, 0, 8;
    %assign/vec4 v0x800c5fb60_0, 0;
    %pushi/vec4 0, 0, 1;
    %assign/vec4 v0x800c5f7a0_0, 0;
    %pushi/vec4 0, 0, 32;
    %assign/vec4 v0x800c5fe80_0, 0;
    %jmp T_12.1;
T_12.0 ;
    %load/vec4 v0x800cc4140_0;
    %dup/vec4;
    %pushi/vec4 0, 0, 2;
    %cmp/u;
    %jmp/1 T_12.2, 6;
    %dup/vec4;
    %pushi/vec4 1, 0, 2;
    %cmp/u;
    %jmp/1 T_12.3, 6;
    %dup/vec4;
    %pushi/vec4 2, 0, 2;
    %cmp/u;
    %jmp/1 T_12.4, 6;
    %pushi/vec4 0, 0, 1;
    %assign/vec4 v0x800c5fca0_0, 0;
    %jmp T_12.6;
T_12.2 ;
    %pushi/vec4 0, 0, 1;
    %assign/vec4 v0x800c5f7a0_0, 0;
    %pushi/vec4 0, 0, 1;
    %assign/vec4 v0x800c5fca0_0, 0;
    %pushi/vec4 0, 0, 4;
    %assign/vec4 v0x800c5f840_0, 0;
    %load/vec4 v0x800cc40a0_0;
    %flag_set/vec4 8;
    %jmp/0xz  T_12.7, 8;
    %pushi/vec4 1, 0, 1;
    %assign/vec4 v0x800c5fc00_0, 0;
    %jmp T_12.8;
T_12.7 ;
    %pushi/vec4 0, 0, 1;
    %assign/vec4 v0x800c5fc00_0, 0;
T_12.8 ;
    %jmp T_12.6;
T_12.3 ;
    %pushi/vec4 0, 0, 1;
    %assign/vec4 v0x800c5fc00_0, 0;
    %load/vec4 v0x800c5f840_0;
    %cmpi/u 9, 0, 4;
    %jmp/0xz  T_12.9, 5;
    %pushi/vec4 1, 0, 1;
    %assign/vec4 v0x800c5fca0_0, 0;
    %load/vec4 v0x800c5f840_0;
    %pad/u 5;
    %ix/vec4 4;
    %load/vec4a v0x800c5f8e0, 4;
    %assign/vec4 v0x800c5fa20_0, 0;
    %load/vec4 v0x800c5f840_0;
    %pad/u 5;
    %ix/vec4 4;
    %load/vec4a v0x800c5f980, 4;
    %assign/vec4 v0x800c5fb60_0, 0;
    %load/vec4 v0x800c5f840_0;
    %addi 1, 0, 4;
    %assign/vec4 v0x800c5f840_0, 0;
    %jmp T_12.10;
T_12.9 ;
    %pushi/vec4 0, 0, 1;
    %assign/vec4 v0x800c5fca0_0, 0;
T_12.10 ;
    %jmp T_12.6;
T_12.4 ;
    %pushi/vec4 1, 0, 1;
    %assign/vec4 v0x800c5f7a0_0, 0;
    %load/vec4 v0x800c5fac0_0;
    %assign/vec4 v0x800c5fe80_0, 0;
    %jmp T_12.6;
T_12.6 ;
    %pop/vec4 1;
T_12.1 ;
    %jmp T_12;
    .thread T_12;
    .scope S_0x10346da20;
T_13 ;
    %wait E_0x800c4a440;
    %load/vec4 v0x800cc5180_0;
    %flag_set/vec4 8;
    %jmp/0xz  T_13.0, 8;
    %pushi/vec4 0, 0, 1;
    %assign/vec4 v0x800cc50e0_0, 0;
    %pushi/vec4 0, 0, 1;
    %assign/vec4 v0x800cc4be0_0, 0;
    %pushi/vec4 0, 0, 1;
    %assign/vec4 v0x800cc4e60_0, 0;
    %pushi/vec4 0, 0, 2;
    %assign/vec4 v0x800cc4d20_0, 0;
    %pushi/vec4 0, 0, 32;
    %assign/vec4 v0x800cc4a00_0, 0;
    %pushi/vec4 0, 0, 32;
    %assign/vec4 v0x800cc52c0_0, 0;
    %pushi/vec4 0, 0, 5;
    %assign/vec4 v0x800cc4fa0_0, 0;
    %pushi/vec4 0, 0, 32;
    %assign/vec4 v0x800cc48c0_0, 0;
    %jmp T_13.1;
T_13.0 ;
    %load/vec4 v0x800cc5360_0;
    %nor/r;
    %flag_set/vec4 8;
    %jmp/0xz  T_13.2, 8;
    %load/vec4 v0x800cc5040_0;
    %assign/vec4 v0x800cc50e0_0, 0;
    %load/vec4 v0x800cc4b40_0;
    %assign/vec4 v0x800cc4be0_0, 0;
    %load/vec4 v0x800cc4dc0_0;
    %assign/vec4 v0x800cc4e60_0, 0;
    %load/vec4 v0x800cc4c80_0;
    %assign/vec4 v0x800cc4d20_0, 0;
    %load/vec4 v0x800cc4960_0;
    %assign/vec4 v0x800cc4a00_0, 0;
    %load/vec4 v0x800cc5220_0;
    %assign/vec4 v0x800cc52c0_0, 0;
    %load/vec4 v0x800cc4f00_0;
    %assign/vec4 v0x800cc4fa0_0, 0;
    %load/vec4 v0x800cc4820_0;
    %assign/vec4 v0x800cc48c0_0, 0;
T_13.2 ;
T_13.1 ;
    %jmp T_13;
    .thread T_13;
    .scope S_0x103466650;
T_14 ;
    %wait E_0x800c4a440;
    %load/vec4 v0x800cc7980_0;
    %flag_set/vec4 8;
    %jmp/0xz  T_14.0, 8;
    %pushi/vec4 0, 0, 1;
    %assign/vec4 v0x800cc78e0_0, 0;
    %pushi/vec4 0, 0, 2;
    %assign/vec4 v0x800cc7660_0, 0;
    %pushi/vec4 0, 0, 32;
    %assign/vec4 v0x800cc7520_0, 0;
    %pushi/vec4 0, 0, 32;
    %assign/vec4 v0x800cc7340_0, 0;
    %pushi/vec4 0, 0, 5;
    %assign/vec4 v0x800cc77a0_0, 0;
    %pushi/vec4 0, 0, 32;
    %assign/vec4 v0x800cc7200_0, 0;
    %jmp T_14.1;
T_14.0 ;
    %load/vec4 v0x800cc7840_0;
    %assign/vec4 v0x800cc78e0_0, 0;
    %load/vec4 v0x800cc75c0_0;
    %assign/vec4 v0x800cc7660_0, 0;
    %load/vec4 v0x800cc7480_0;
    %assign/vec4 v0x800cc7520_0, 0;
    %load/vec4 v0x800cc72a0_0;
    %assign/vec4 v0x800cc7340_0, 0;
    %load/vec4 v0x800cc7700_0;
    %assign/vec4 v0x800cc77a0_0, 0;
    %load/vec4 v0x800cc7160_0;
    %assign/vec4 v0x800cc7200_0, 0;
T_14.1 ;
    %jmp T_14;
    .thread T_14;
    .scope S_0x10346c400;
T_15 ;
    %wait E_0x800c4a300;
    %load/vec4 v0x800cd2f80_0;
    %flag_set/vec4 8;
    %jmp/0xz  T_15.0, 8;
    %load/vec4 v0x800cd3160_0;
    %load/vec4 v0x800cd2da0_0;
    %parti/s 8, 2, 3;
    %pad/u 10;
    %ix/vec4 3;
    %ix/load 4, 0, 0; Constant delay
    %assign/vec4/a/d v0x800cd2940, 0, 4;
T_15.0 ;
    %jmp T_15;
    .thread T_15;
    .scope S_0x10346c400;
T_16 ;
    %wait E_0x800c4a340;
    %load/vec4 v0x800cd4aa0_0;
    %dup/vec4;
    %pushi/vec4 0, 0, 2;
    %cmp/u;
    %jmp/1 T_16.0, 6;
    %dup/vec4;
    %pushi/vec4 1, 0, 2;
    %cmp/u;
    %jmp/1 T_16.1, 6;
    %dup/vec4;
    %pushi/vec4 2, 0, 2;
    %cmp/u;
    %jmp/1 T_16.2, 6;
    %load/vec4 v0x800cd4960_0;
    %store/vec4 v0x800cd4e60_0, 0, 32;
    %jmp T_16.4;
T_16.0 ;
    %load/vec4 v0x800cd4960_0;
    %store/vec4 v0x800cd4e60_0, 0, 32;
    %jmp T_16.4;
T_16.1 ;
    %load/vec4 v0x800cd4a00_0;
    %store/vec4 v0x800cd4e60_0, 0, 32;
    %jmp T_16.4;
T_16.2 ;
    %load/vec4 v0x800cd48c0_0;
    %store/vec4 v0x800cd4e60_0, 0, 32;
    %jmp T_16.4;
T_16.4 ;
    %pop/vec4 1;
    %jmp T_16;
    .thread T_16, $push;
    .scope S_0x10346c400;
T_17 ;
    %wait E_0x800c4a300;
    %load/vec4 v0x800cd4be0_0;
    %flag_set/vec4 9;
    %flag_get/vec4 9;
    %jmp/0 T_17.2, 9;
    %load/vec4 v0x800cd4b40_0;
    %pushi/vec4 0, 0, 5;
    %cmp/ne;
    %flag_get/vec4 4;
    %and;
T_17.2;
    %flag_set/vec4 8;
    %jmp/0xz  T_17.0, 8;
    %vpi_call 4 366 "$display", "TIME=%0t | WB: x%0d = 0x%08h", $time, v0x800cd4b40_0, v0x800cd4e60_0 {0 0 0};
T_17.0 ;
    %jmp T_17;
    .thread T_17;
    .scope S_0x103467aa0;
T_18 ;
    %pushi/vec4 0, 0, 1;
    %store/vec4 v0x800cd4f00_0, 0, 1;
    %end;
    .thread T_18;
    .scope S_0x103467aa0;
T_19 ;
    %delay 5000, 0;
    %load/vec4 v0x800cd4f00_0;
    %inv;
    %store/vec4 v0x800cd4f00_0, 0, 1;
    %jmp T_19;
    .thread T_19;
    .scope S_0x103467aa0;
T_20 ;
    %vpi_call 3 33 "$dumpfile", "waveform.vcd" {0 0 0};
    %vpi_call 3 34 "$dumpvars", 32'sb00000000000000000000000000000000, S_0x103467aa0 {0 0 0};
    %end;
    .thread T_20;
    .scope S_0x103467aa0;
T_21 ;
    %vpi_call 3 41 "$display", "===========================================" {0 0 0};
    %vpi_call 3 42 "$display", " RISC-V RV32I 5-Stage Pipeline Simulation" {0 0 0};
    %vpi_call 3 43 "$display", "===========================================" {0 0 0};
    %vpi_call 3 44 "$display", "\000" {0 0 0};
    %pushi/vec4 1, 0, 1;
    %store/vec4 v0x800cd4fa0_0, 0, 1;
    %delay 20000, 0;
    %pushi/vec4 0, 0, 1;
    %store/vec4 v0x800cd4fa0_0, 0, 1;
    %vpi_call 3 52 "$display", "TIME=%0t | Reset released, starting execution...", $time {0 0 0};
    %vpi_call 3 53 "$display", "\000" {0 0 0};
    %delay 500000, 0;
    %vpi_call 3 59 "$display", "\000" {0 0 0};
    %vpi_call 3 60 "$display", "===========================================" {0 0 0};
    %vpi_call 3 61 "$display", " Register File Final State" {0 0 0};
    %vpi_call 3 62 "$display", "===========================================" {0 0 0};
    %vpi_call 3 65 "$display", " x1  = 0x%08h", &A<v0x800cd0aa0, 1> {0 0 0};
    %vpi_call 3 66 "$display", " x2  = 0x%08h", &A<v0x800cd0aa0, 2> {0 0 0};
    %vpi_call 3 67 "$display", " x3  = 0x%08h", &A<v0x800cd0aa0, 3> {0 0 0};
    %vpi_call 3 68 "$display", " x4  = 0x%08h", &A<v0x800cd0aa0, 4> {0 0 0};
    %vpi_call 3 69 "$display", " x5  = 0x%08h", &A<v0x800cd0aa0, 5> {0 0 0};
    %vpi_call 3 70 "$display", " x6  = 0x%08h", &A<v0x800cd0aa0, 6> {0 0 0};
    %vpi_call 3 71 "$display", " x7  = 0x%08h", &A<v0x800cd0aa0, 7> {0 0 0};
    %vpi_call 3 72 "$display", " x8  = 0x%08h", &A<v0x800cd0aa0, 8> {0 0 0};
    %vpi_call 3 73 "$display", " x9  = 0x%08h", &A<v0x800cd0aa0, 9> {0 0 0};
    %vpi_call 3 74 "$display", " x10 = 0x%08h", &A<v0x800cd0aa0, 10> {0 0 0};
    %vpi_call 3 76 "$display", "\000" {0 0 0};
    %vpi_call 3 77 "$display", "===========================================" {0 0 0};
    %vpi_call 3 78 "$display", " Expected Results" {0 0 0};
    %vpi_call 3 79 "$display", "===========================================" {0 0 0};
    %vpi_call 3 80 "$display", " x1 = 10  (ADDI x1, x0, 10)" {0 0 0};
    %vpi_call 3 81 "$display", " x2 = 20  (ADDI x2, x0, 20)" {0 0 0};
    %vpi_call 3 82 "$display", " x3 = 30  (ADD  x3, x1, x2)  => 10 + 20 = 30" {0 0 0};
    %vpi_call 3 83 "$display", " x4 = -10 (SUB  x4, x1, x2)  => 10 - 20 = -10 = 0xFFFFFFF6" {0 0 0};
    %vpi_call 3 84 "$display", " x5 = 0   (AND  x5, x1, x2)  => 10 & 20 = 0x0A & 0x14 = 0" {0 0 0};
    %vpi_call 3 85 "$display", " x6 = 30  (OR   x6, x1, x2)  => 10 | 20 = 0x0A | 0x14 = 0x1E = 30" {0 0 0};
    %vpi_call 3 86 "$display", " x7 = 15  (ADDI x7, x1, 5)   => 10 + 5 = 15" {0 0 0};
    %vpi_call 3 87 "$display", " x8 = 25  (CONV x8) accel result" {0 0 0};
    %vpi_call 3 89 "$display", "\000" {0 0 0};
    %vpi_call 3 90 "$display", "===========================================" {0 0 0};
    %vpi_call 3 91 "$display", " Verification" {0 0 0};
    %vpi_call 3 92 "$display", "===========================================" {0 0 0};
    %ix/load 4, 1, 0;
    %flag_set/imm 4, 0;
    %load/vec4a v0x800cd0aa0, 4;
    %cmpi/e 10, 0, 32;
    %jmp/0xz  T_21.0, 4;
    %vpi_call 3 96 "$display", " [PASS] x1 = 10" {0 0 0};
    %jmp T_21.1;
T_21.0 ;
    %vpi_call 3 98 "$display", " [FAIL] x1 = %0d (expected 10)", &A<v0x800cd0aa0, 1> {0 0 0};
T_21.1 ;
    %ix/load 4, 2, 0;
    %flag_set/imm 4, 0;
    %load/vec4a v0x800cd0aa0, 4;
    %cmpi/e 20, 0, 32;
    %jmp/0xz  T_21.2, 4;
    %vpi_call 3 101 "$display", " [PASS] x2 = 20" {0 0 0};
    %jmp T_21.3;
T_21.2 ;
    %vpi_call 3 103 "$display", " [FAIL] x2 = %0d (expected 20)", &A<v0x800cd0aa0, 2> {0 0 0};
T_21.3 ;
    %ix/load 4, 3, 0;
    %flag_set/imm 4, 0;
    %load/vec4a v0x800cd0aa0, 4;
    %cmpi/e 30, 0, 32;
    %jmp/0xz  T_21.4, 4;
    %vpi_call 3 106 "$display", " [PASS] x3 = 30 (ADD)" {0 0 0};
    %jmp T_21.5;
T_21.4 ;
    %vpi_call 3 108 "$display", " [FAIL] x3 = %0d (expected 30)", &A<v0x800cd0aa0, 3> {0 0 0};
T_21.5 ;
    %ix/load 4, 4, 0;
    %flag_set/imm 4, 0;
    %load/vec4a v0x800cd0aa0, 4;
    %cmpi/e 4294967286, 0, 32;
    %jmp/0xz  T_21.6, 4;
    %vpi_call 3 111 "$display", " [PASS] x4 = -10 / 0xFFFFFFF6 (SUB)" {0 0 0};
    %jmp T_21.7;
T_21.6 ;
    %vpi_call 3 113 "$display", " [FAIL] x4 = 0x%08h (expected 0xFFFFFFF6)", &A<v0x800cd0aa0, 4> {0 0 0};
T_21.7 ;
    %ix/load 4, 5, 0;
    %flag_set/imm 4, 0;
    %load/vec4a v0x800cd0aa0, 4;
    %cmpi/e 0, 0, 32;
    %jmp/0xz  T_21.8, 4;
    %vpi_call 3 116 "$display", " [PASS] x5 = 0 (AND)" {0 0 0};
    %jmp T_21.9;
T_21.8 ;
    %vpi_call 3 118 "$display", " [FAIL] x5 = %0d (expected 0)", &A<v0x800cd0aa0, 5> {0 0 0};
T_21.9 ;
    %ix/load 4, 6, 0;
    %flag_set/imm 4, 0;
    %load/vec4a v0x800cd0aa0, 4;
    %cmpi/e 30, 0, 32;
    %jmp/0xz  T_21.10, 4;
    %vpi_call 3 121 "$display", " [PASS] x6 = 30 / 0x1E (OR)" {0 0 0};
    %jmp T_21.11;
T_21.10 ;
    %vpi_call 3 123 "$display", " [FAIL] x6 = 0x%08h (expected 0x0000001E)", &A<v0x800cd0aa0, 6> {0 0 0};
T_21.11 ;
    %ix/load 4, 7, 0;
    %flag_set/imm 4, 0;
    %load/vec4a v0x800cd0aa0, 4;
    %cmpi/e 15, 0, 32;
    %jmp/0xz  T_21.12, 4;
    %vpi_call 3 126 "$display", " [PASS] x7 = 15 (ADDI)" {0 0 0};
    %jmp T_21.13;
T_21.12 ;
    %vpi_call 3 128 "$display", " [FAIL] x7 = %0d (expected 15)", &A<v0x800cd0aa0, 7> {0 0 0};
T_21.13 ;
    %ix/load 4, 8, 0;
    %flag_set/imm 4, 0;
    %load/vec4a v0x800cd0aa0, 4;
    %cmpi/e 25, 0, 32;
    %jmp/0xz  T_21.14, 4;
    %vpi_call 3 131 "$display", " [PASS] x8 = 25 / 0x19 (CONV accelerator)" {0 0 0};
    %jmp T_21.15;
T_21.14 ;
    %vpi_call 3 133 "$display", " [FAIL] x8 = 0x%08h (expected 0x00000019 = 25)", &A<v0x800cd0aa0, 8> {0 0 0};
T_21.15 ;
    %vpi_call 3 135 "$display", "\000" {0 0 0};
    %vpi_call 3 136 "$display", "===========================================" {0 0 0};
    %vpi_call 3 137 "$display", " Simulation Complete" {0 0 0};
    %vpi_call 3 138 "$display", "===========================================" {0 0 0};
    %vpi_call 3 140 "$finish" {0 0 0};
    %end;
    .thread T_21;
    .scope S_0x103467aa0;
T_22 ;
    %wait E_0x800c4a300;
    %load/vec4 v0x800cd4fa0_0;
    %nor/r;
    %flag_set/vec4 8;
    %jmp/0xz  T_22.0, 8;
    %vpi_call 3 148 "$display", "TIME=%0t | PC=0x%08h | IF_Instr=0x%08h", $time, v0x800cd4c80_0, v0x800cd46e0_0 {0 0 0};
T_22.0 ;
    %jmp T_22;
    .thread T_22;
# The file index is used to find the file name in the following table.
:file_names 16;
    "N/A";
    "<interactive>";
    "rtl/custom_instruction_decoder.v";
    "tb/riscv_testbench.v";
    "rtl/riscv_core_top.v";
    "rtl/alu.v";
    "rtl/convolution_accelerator.v";
    "rtl/mac_unit.v";
    "rtl/control_unit.v";
    "rtl/pipeline_register_ex_mem.v";
    "rtl/pipeline_register_id_ex.v";
    "rtl/pipeline_register_if_id.v";
    "rtl/instruction_memory.v";
    "rtl/pipeline_register_mem_wb.v";
    "rtl/pc.v";
    "rtl/register_file.v";
